Flow report for CYY_AU_OP_RP
Sun Jan 19 22:47:28 2025
Quartus II 64-Bit Version 13.1.0 Build 162 10/23/2013 SJ Web Edition


---------------------
; Table of Contents ;
---------------------
  1. Legal Notice
  2. Flow Summary
  3. Flow Settings
  4. Flow Non-Default Global Settings
  5. Flow Elapsed Time
  6. Flow OS Summary
  7. Flow Log
  8. Flow Messages
  9. Flow Suppressed Messages



----------------
; Legal Notice ;
----------------
Copyright (C) 1991-2013 Altera Corporation
Your use of Altera Corporation's design tools, logic functions 
and other software and tools, and its AMPP partner logic 
functions, and any output files from any of the foregoing 
(including device programming or simulation files), and any 
associated documentation or information are expressly subject 
to the terms and conditions of the Altera Program License 
Subscription Agreement, Altera MegaCore Function License 
Agreement, or other applicable license agreement, including, 
without limitation, that your use is for the sole purpose of 
programming logic devices manufactured by Altera and sold by 
Altera or its authorized distributors.  Please refer to the 
applicable agreement for further details.



+---------------------------------------------------------------------------------+
; Flow Summary                                                                    ;
+------------------------------------+--------------------------------------------+
; Flow Status                        ; Successful - Sun Jan 19 22:47:28 2025      ;
; Quartus II 64-Bit Version          ; 13.1.0 Build 162 10/23/2013 SJ Web Edition ;
; Revision Name                      ; CYY_AU_OP_RP                               ;
; Top-level Entity Name              ; CYY_AU_OP_RP                               ;
; Family                             ; Cyclone IV GX                              ;
; Total logic elements               ; 346 / 29,440 ( 1 % )                       ;
;     Total combinational functions  ; 322 / 29,440 ( 1 % )                       ;
;     Dedicated logic registers      ; 183 / 29,440 ( < 1 % )                     ;
; Total registers                    ; 183                                        ;
; Total pins                         ; 116 / 307 ( 38 % )                         ;
; Total virtual pins                 ; 0                                          ;
; Total memory bits                  ; 2,112 / 1,105,920 ( < 1 % )                ;
; Embedded Multiplier 9-bit elements ; 0 / 160 ( 0 % )                            ;
; Total GXB Receiver Channel PCS     ; 0 / 4 ( 0 % )                              ;
; Total GXB Receiver Channel PMA     ; 0 / 4 ( 0 % )                              ;
; Total GXB Transmitter Channel PCS  ; 0 / 4 ( 0 % )                              ;
; Total GXB Transmitter Channel PMA  ; 0 / 4 ( 0 % )                              ;
; Total PLLs                         ; 0 / 6 ( 0 % )                              ;
; Device                             ; EP4CGX30CF23C6                             ;
; Timing Models                      ; Final                                      ;
+------------------------------------+--------------------------------------------+


+-----------------------------------------+
; Flow Settings                           ;
+-------------------+---------------------+
; Option            ; Setting             ;
+-------------------+---------------------+
; Start date & time ; 01/18/2025 21:13:21 ;
; Main task         ; Compilation         ;
; Revision Name     ; CYY_AU_OP_RP        ;
+-------------------+---------------------+


+----------------------------------------------------------------------------------------------------------------------------------------------+
; Flow Non-Default Global Settings                                                                                                             ;
+-------------------------------------+---------------------------------------------------------+---------------+-------------+----------------+
; Assignment Name                     ; Value                                                   ; Default Value ; Entity Name ; Section Id     ;
+-------------------------------------+---------------------------------------------------------+---------------+-------------+----------------+
; COMPILER_SIGNATURE_ID               ; 9210264648849.173722400127120                           ; --            ; --          ; --             ;
; EDA_GENERATE_FUNCTIONAL_NETLIST     ; On                                                      ; --            ; --          ; eda_simulation ;
; EDA_NETLIST_WRITER_OUTPUT_DIR       ; D:/AlteraProjects/KP_IBM/Projects_Proc/simulation/qsim/ ; --            ; --          ; eda_simulation ;
; EDA_OUTPUT_DATA_FORMAT              ; Verilog Hdl                                             ; --            ; --          ; eda_simulation ;
; EDA_SIMULATION_TOOL                 ; ModelSim-Altera (Verilog)                               ; <None>        ; --          ; --             ;
; EDA_TIME_SCALE                      ; 1 ps                                                    ; --            ; --          ; eda_simulation ;
; PARTITION_COLOR                     ; 16764057                                                ; --            ; --          ; Top            ;
; PARTITION_FITTER_PRESERVATION_LEVEL ; PLACEMENT_AND_ROUTING                                   ; --            ; --          ; Top            ;
; PARTITION_NETLIST_TYPE              ; SOURCE                                                  ; --            ; --          ; Top            ;
; PROJECT_OUTPUT_DIRECTORY            ; output_files                                            ; --            ; --          ; --             ;
+-------------------------------------+---------------------------------------------------------+---------------+-------------+----------------+


+-------------------------------------------------------------------------------------------------------------------------------+
; Flow Elapsed Time                                                                                                             ;
+---------------------------+--------------+-------------------------+---------------------+------------------------------------+
; Module Name               ; Elapsed Time ; Average Processors Used ; Peak Virtual Memory ; Total CPU Time (on all processors) ;
+---------------------------+--------------+-------------------------+---------------------+------------------------------------+
; Analysis & Synthesis      ; 00:00:12     ; 1.0                     ; 4718 MB             ; 00:00:11                           ;
; Fitter                    ; 00:00:42     ; 1.0                     ; 5125 MB             ; 00:00:42                           ;
; Assembler                 ; 00:00:10     ; 1.0                     ; 4641 MB             ; 00:00:10                           ;
; TimeQuest Timing Analyzer ; 00:00:09     ; 1.0                     ; 4732 MB             ; 00:00:08                           ;
; EDA Netlist Writer        ; 00:00:02     ; 1.0                     ; 4597 MB             ; 00:00:02                           ;
; EDA Netlist Writer        ; 00:00:02     ; 1.0                     ; 4609 MB             ; 00:00:02                           ;
; EDA Netlist Writer        ; 00:00:03     ; 1.0                     ; 4609 MB             ; 00:00:03                           ;
; EDA Netlist Writer        ; 00:00:02     ; 1.0                     ; 4610 MB             ; 00:00:02                           ;
; EDA Netlist Writer        ; 00:00:03     ; 1.0                     ; 4605 MB             ; 00:00:02                           ;
; EDA Netlist Writer        ; 00:00:02     ; 1.0                     ; 4609 MB             ; 00:00:02                           ;
; EDA Netlist Writer        ; 00:00:03     ; 1.0                     ; 4605 MB             ; 00:00:02                           ;
; EDA Netlist Writer        ; 00:00:03     ; 1.0                     ; 4609 MB             ; 00:00:02                           ;
; EDA Netlist Writer        ; 00:00:02     ; 1.0                     ; 4605 MB             ; 00:00:02                           ;
; EDA Netlist Writer        ; 00:00:02     ; 1.0                     ; 4605 MB             ; 00:00:02                           ;
; EDA Netlist Writer        ; 00:00:03     ; 1.0                     ; 4605 MB             ; 00:00:03                           ;
; EDA Netlist Writer        ; 00:00:02     ; 1.0                     ; 4609 MB             ; 00:00:02                           ;
; EDA Netlist Writer        ; 00:00:02     ; 1.0                     ; 4606 MB             ; 00:00:02                           ;
; EDA Netlist Writer        ; 00:00:02     ; 1.0                     ; 4609 MB             ; 00:00:02                           ;
; EDA Netlist Writer        ; 00:00:03     ; 1.0                     ; 4606 MB             ; 00:00:03                           ;
; EDA Netlist Writer        ; 00:00:02     ; 1.0                     ; 4609 MB             ; 00:00:02                           ;
; EDA Netlist Writer        ; 00:00:03     ; 1.0                     ; 4605 MB             ; 00:00:03                           ;
; EDA Netlist Writer        ; 00:00:02     ; 1.0                     ; 4609 MB             ; 00:00:02                           ;
; EDA Netlist Writer        ; 00:00:02     ; 1.0                     ; 4609 MB             ; 00:00:03                           ;
; EDA Netlist Writer        ; 00:00:02     ; 1.0                     ; 4609 MB             ; 00:00:02                           ;
; EDA Netlist Writer        ; 00:00:03     ; 1.0                     ; 4605 MB             ; 00:00:03                           ;
; EDA Netlist Writer        ; 00:00:02     ; 1.0                     ; 4605 MB             ; 00:00:02                           ;
; EDA Netlist Writer        ; 00:00:03     ; 1.0                     ; 4605 MB             ; 00:00:03                           ;
; EDA Netlist Writer        ; 00:00:02     ; 1.0                     ; 4609 MB             ; 00:00:02                           ;
; EDA Netlist Writer        ; 00:00:02     ; 1.0                     ; 4609 MB             ; 00:00:03                           ;
; EDA Netlist Writer        ; 00:00:02     ; 1.0                     ; 4609 MB             ; 00:00:01                           ;
; EDA Netlist Writer        ; 00:00:01     ; 1.0                     ; 4609 MB             ; 00:00:01                           ;
; EDA Netlist Writer        ; 00:00:01     ; 1.0                     ; 4609 MB             ; 00:00:01                           ;
; EDA Netlist Writer        ; 00:00:01     ; 1.0                     ; 4609 MB             ; 00:00:01                           ;
; Total                     ; 00:02:17     ; --                      ; --                  ; 00:02:13                           ;
+---------------------------+--------------+-------------------------+---------------------+------------------------------------+


+----------------------------------------------------------------------------------------+
; Flow OS Summary                                                                        ;
+---------------------------+------------------+-----------+------------+----------------+
; Module Name               ; Machine Hostname ; OS Name   ; OS Version ; Processor type ;
+---------------------------+------------------+-----------+------------+----------------+
; Analysis & Synthesis      ; MargoBook        ; Windows 7 ; 6.2        ; x86_64         ;
; Fitter                    ; MargoBook        ; Windows 7 ; 6.2        ; x86_64         ;
; Assembler                 ; MargoBook        ; Windows 7 ; 6.2        ; x86_64         ;
; TimeQuest Timing Analyzer ; MargoBook        ; Windows 7 ; 6.2        ; x86_64         ;
; EDA Netlist Writer        ; MargoBook        ; Windows 7 ; 6.2        ; x86_64         ;
; EDA Netlist Writer        ; MargoBook        ; Windows 7 ; 6.2        ; x86_64         ;
; EDA Netlist Writer        ; MargoBook        ; Windows 7 ; 6.2        ; x86_64         ;
; EDA Netlist Writer        ; MargoBook        ; Windows 7 ; 6.2        ; x86_64         ;
; EDA Netlist Writer        ; MargoBook        ; Windows 7 ; 6.2        ; x86_64         ;
; EDA Netlist Writer        ; MargoBook        ; Windows 7 ; 6.2        ; x86_64         ;
; EDA Netlist Writer        ; MargoBook        ; Windows 7 ; 6.2        ; x86_64         ;
; EDA Netlist Writer        ; MargoBook        ; Windows 7 ; 6.2        ; x86_64         ;
; EDA Netlist Writer        ; MargoBook        ; Windows 7 ; 6.2        ; x86_64         ;
; EDA Netlist Writer        ; MargoBook        ; Windows 7 ; 6.2        ; x86_64         ;
; EDA Netlist Writer        ; MargoBook        ; Windows 7 ; 6.2        ; x86_64         ;
; EDA Netlist Writer        ; MargoBook        ; Windows 7 ; 6.2        ; x86_64         ;
; EDA Netlist Writer        ; MargoBook        ; Windows 7 ; 6.2        ; x86_64         ;
; EDA Netlist Writer        ; MargoBook        ; Windows 7 ; 6.2        ; x86_64         ;
; EDA Netlist Writer        ; MargoBook        ; Windows 7 ; 6.2        ; x86_64         ;
; EDA Netlist Writer        ; MargoBook        ; Windows 7 ; 6.2        ; x86_64         ;
; EDA Netlist Writer        ; MargoBook        ; Windows 7 ; 6.2        ; x86_64         ;
; EDA Netlist Writer        ; MargoBook        ; Windows 7 ; 6.2        ; x86_64         ;
; EDA Netlist Writer        ; MargoBook        ; Windows 7 ; 6.2        ; x86_64         ;
; EDA Netlist Writer        ; MargoBook        ; Windows 7 ; 6.2        ; x86_64         ;
; EDA Netlist Writer        ; MargoBook        ; Windows 7 ; 6.2        ; x86_64         ;
; EDA Netlist Writer        ; MargoBook        ; Windows 7 ; 6.2        ; x86_64         ;
; EDA Netlist Writer        ; MargoBook        ; Windows 7 ; 6.2        ; x86_64         ;
; EDA Netlist Writer        ; MargoBook        ; Windows 7 ; 6.2        ; x86_64         ;
; EDA Netlist Writer        ; MargoBook        ; Windows 7 ; 6.2        ; x86_64         ;
; EDA Netlist Writer        ; MargoBook        ; Windows 7 ; 6.2        ; x86_64         ;
; EDA Netlist Writer        ; MargoBook        ; Windows 7 ; 6.2        ; x86_64         ;
; EDA Netlist Writer        ; MargoBook        ; Windows 7 ; 6.2        ; x86_64         ;
; EDA Netlist Writer        ; MargoBook        ; Windows 7 ; 6.2        ; x86_64         ;
+---------------------------+------------------+-----------+------------+----------------+


------------
; Flow Log ;
------------
quartus_map --read_settings_files=on --write_settings_files=off CYY -c CYY_AU_OP_RP
quartus_fit --read_settings_files=off --write_settings_files=off CYY -c CYY_AU_OP_RP
quartus_asm --read_settings_files=off --write_settings_files=off CYY -c CYY_AU_OP_RP
quartus_sta CYY -c CYY_AU_OP_RP
quartus_eda --read_settings_files=off --write_settings_files=off CYY -c CYY_AU_OP_RP
quartus_eda --gen_testbench --check_outputs=on --tool=modelsim_oem --format=verilog CYY -c CYY_AU_OP_RP --vector_source=D:/AlteraProjects/KP_IBM/Projects_Proc/test_new.vwf --testbench_file=D:/AlteraProjects/KP_IBM/Projects_Proc/simulation/qsim/test_new.vwf.vt
quartus_eda --functional=on --flatten_buses=off --simulation=on --tool=modelsim_oem --format=verilog --output_directory=D:/AlteraProjects/KP_IBM/Projects_Proc/simulation/qsim/ CYY -c CYY_AU_OP_RP
quartus_eda --gen_testbench --check_outputs=on --tool=modelsim_oem --format=verilog CYY -c CYY_AU_OP_RP --vector_source=D:/AlteraProjects/KP_IBM/Projects_Proc/test_new.vwf --testbench_file=D:/AlteraProjects/KP_IBM/Projects_Proc/simulation/qsim/test_new.vwf.vt
quartus_eda --functional=on --flatten_buses=off --simulation=on --tool=modelsim_oem --format=verilog --output_directory=D:/AlteraProjects/KP_IBM/Projects_Proc/simulation/qsim/ CYY -c CYY_AU_OP_RP
quartus_eda --gen_testbench --check_outputs=on --tool=modelsim_oem --format=verilog CYY -c CYY_AU_OP_RP --vector_source=D:/AlteraProjects/KP_IBM/Projects_Proc/test_new.vwf --testbench_file=D:/AlteraProjects/KP_IBM/Projects_Proc/simulation/qsim/test_new.vwf.vt
quartus_eda --functional=on --flatten_buses=off --simulation=on --tool=modelsim_oem --format=verilog --output_directory=D:/AlteraProjects/KP_IBM/Projects_Proc/simulation/qsim/ CYY -c CYY_AU_OP_RP
quartus_eda --gen_testbench --check_outputs=on --tool=modelsim_oem --format=verilog CYY -c CYY_AU_OP_RP --vector_source=D:/AlteraProjects/KP_IBM/Projects_Proc/test_new.vwf --testbench_file=D:/AlteraProjects/KP_IBM/Projects_Proc/simulation/qsim/test_new.vwf.vt
quartus_eda --functional=on --flatten_buses=off --simulation=on --tool=modelsim_oem --format=verilog --output_directory=D:/AlteraProjects/KP_IBM/Projects_Proc/simulation/qsim/ CYY -c CYY_AU_OP_RP
quartus_eda --gen_testbench --check_outputs=on --tool=modelsim_oem --format=verilog CYY -c CYY_AU_OP_RP --vector_source=D:/AlteraProjects/KP_IBM/Projects_Proc/test_new.vwf --testbench_file=D:/AlteraProjects/KP_IBM/Projects_Proc/simulation/qsim/test_new.vwf.vt
quartus_eda --functional=on --flatten_buses=off --simulation=on --tool=modelsim_oem --format=verilog --output_directory=D:/AlteraProjects/KP_IBM/Projects_Proc/simulation/qsim/ CYY -c CYY_AU_OP_RP
quartus_eda --gen_testbench --check_outputs=on --tool=modelsim_oem --format=verilog CYY -c CYY_AU_OP_RP --vector_source=D:/AlteraProjects/KP_IBM/Projects_Proc/test_new.vwf --testbench_file=D:/AlteraProjects/KP_IBM/Projects_Proc/simulation/qsim/test_new.vwf.vt
quartus_eda --functional=on --flatten_buses=off --simulation=on --tool=modelsim_oem --format=verilog --output_directory=D:/AlteraProjects/KP_IBM/Projects_Proc/simulation/qsim/ CYY -c CYY_AU_OP_RP
quartus_eda --gen_testbench --check_outputs=on --tool=modelsim_oem --format=verilog CYY -c CYY_AU_OP_RP --vector_source=D:/AlteraProjects/KP_IBM/Projects_Proc/test_new.vwf --testbench_file=D:/AlteraProjects/KP_IBM/Projects_Proc/simulation/qsim/test_new.vwf.vt
quartus_eda --functional=on --flatten_buses=off --simulation=on --tool=modelsim_oem --format=verilog --output_directory=D:/AlteraProjects/KP_IBM/Projects_Proc/simulation/qsim/ CYY -c CYY_AU_OP_RP
quartus_eda --gen_testbench --check_outputs=on --tool=modelsim_oem --format=verilog CYY -c CYY_AU_OP_RP --vector_source=D:/AlteraProjects/KP_IBM/Projects_Proc/test_new.vwf --testbench_file=D:/AlteraProjects/KP_IBM/Projects_Proc/simulation/qsim/test_new.vwf.vt
quartus_eda --functional=on --flatten_buses=off --simulation=on --tool=modelsim_oem --format=verilog --output_directory=D:/AlteraProjects/KP_IBM/Projects_Proc/simulation/qsim/ CYY -c CYY_AU_OP_RP
quartus_eda --gen_testbench --check_outputs=on --tool=modelsim_oem --format=verilog CYY -c CYY_AU_OP_RP --vector_source=D:/AlteraProjects/KP_IBM/Projects_Proc/test_new.vwf --testbench_file=D:/AlteraProjects/KP_IBM/Projects_Proc/simulation/qsim/test_new.vwf.vt
quartus_eda --functional=on --flatten_buses=off --simulation=on --tool=modelsim_oem --format=verilog --output_directory=D:/AlteraProjects/KP_IBM/Projects_Proc/simulation/qsim/ CYY -c CYY_AU_OP_RP
quartus_eda --gen_testbench --check_outputs=on --tool=modelsim_oem --format=verilog CYY -c CYY_AU_OP_RP --vector_source=D:/AlteraProjects/KP_IBM/Projects_Proc/test_new.vwf --testbench_file=D:/AlteraProjects/KP_IBM/Projects_Proc/simulation/qsim/test_new.vwf.vt
quartus_eda --functional=on --flatten_buses=off --simulation=on --tool=modelsim_oem --format=verilog --output_directory=D:/AlteraProjects/KP_IBM/Projects_Proc/simulation/qsim/ CYY -c CYY_AU_OP_RP
quartus_eda --gen_testbench --check_outputs=on --tool=modelsim_oem --format=verilog CYY -c CYY_AU_OP_RP --vector_source=D:/AlteraProjects/KP_IBM/Projects_Proc/test_new.vwf --testbench_file=D:/AlteraProjects/KP_IBM/Projects_Proc/simulation/qsim/test_new.vwf.vt
quartus_eda --functional=on --flatten_buses=off --simulation=on --tool=modelsim_oem --format=verilog --output_directory=D:/AlteraProjects/KP_IBM/Projects_Proc/simulation/qsim/ CYY -c CYY_AU_OP_RP
quartus_eda --gen_testbench --check_outputs=on --tool=modelsim_oem --format=verilog CYY -c CYY_AU_OP_RP --vector_source=D:/AlteraProjects/KP_IBM/Projects_Proc/test_new.vwf --testbench_file=D:/AlteraProjects/KP_IBM/Projects_Proc/simulation/qsim/test_new.vwf.vt
quartus_eda --functional=on --flatten_buses=off --simulation=on --tool=modelsim_oem --format=verilog --output_directory=D:/AlteraProjects/KP_IBM/Projects_Proc/simulation/qsim/ CYY -c CYY_AU_OP_RP
quartus_eda --gen_testbench --check_outputs=on --tool=modelsim_oem --format=verilog CYY -c CYY_AU_OP_RP --vector_source=D:/AlteraProjects/KP_IBM/Projects_Proc/test_new.vwf --testbench_file=D:/AlteraProjects/KP_IBM/Projects_Proc/simulation/qsim/test_new.vwf.vt
quartus_eda --functional=on --flatten_buses=off --simulation=on --tool=modelsim_oem --format=verilog --output_directory=D:/AlteraProjects/KP_IBM/Projects_Proc/simulation/qsim/ CYY -c CYY_AU_OP_RP
quartus_eda --gen_testbench --check_outputs=on --tool=modelsim_oem --format=verilog CYY -c CYY_AU_OP_RP --vector_source=D:/AlteraProjects/KP_IBM/Projects_Proc/test_CYY_AU_OP_RP.vwf --testbench_file=D:/AlteraProjects/KP_IBM/Projects_Proc/simulation/qsim/test_CYY_AU_OP_RP.vwf.vt
quartus_eda --functional=on --flatten_buses=off --simulation=on --tool=modelsim_oem --format=verilog --output_directory=D:/AlteraProjects/KP_IBM/Projects_Proc/simulation/qsim/ CYY -c CYY_AU_OP_RP



